Построение начато 20.03.2015 9:26:22.
     1>Проект "C:\Users\Наташа\Documents\Visual Studio 2012\Projects\LabWork4thSem\LabWork4thSem\LabWork4thSem.vcxproj" в узле 2 (целевые объекты Build).
     1>ClCompile:
         C:\Program Files (x86)\Microsoft Visual Studio 11.0\VC\bin\CL.exe /c /AI"C:\Program Files (x86)\Reference Assemblies\Microsoft\Framework\.NETFramework\v4.5\\" /AI"C:\Program Files (x86)\Windows Kits\8.0\References\CommonConfiguration\Neutral" /AI"C:\Program Files (x86)\Reference Assemblies\Microsoft\Framework\.NETFramework\v4.5\Facades\\" /Zi /clr:pure /nologo /W3 /WX- /Od /Oy- /D WIN32 /D _DEBUG /D _UNICODE /D UNICODE /EHa /MDd /GS /fp:precise /Zc:wchar_t /Zc:forScope /Yu"stdafx.h" /Fp"Debug\LabWork4thSem.pch" /Fo"Debug\\" /Fd"Debug\vc110.pdb" /TP /FU"C:\Program Files (x86)\Reference Assemblies\Microsoft\Framework\.NETFramework\v4.5\mscorlib.dll" /FU"C:\Program Files (x86)\Reference Assemblies\Microsoft\Framework\.NETFramework\v4.5\System.Data.dll" /FU"C:\Program Files (x86)\Reference Assemblies\Microsoft\Framework\.NETFramework\v4.5\System.dll" /FU"C:\Program Files (x86)\Reference Assemblies\Microsoft\Framework\.NETFramework\v4.5\System.Drawing.dll" /FU"C:\Program Files (x86)\Reference Assemblies\Microsoft\Framework\.NETFramework\v4.5\System.Windows.Forms.dll" /FU"C:\Program Files (x86)\Reference Assemblies\Microsoft\Framework\.NETFramework\v4.5\System.Xml.dll" /analyze- /errorReport:prompt /clr:nostdlib History.cpp LabWork4thSem.cpp
         History.cpp
         LabWork4thSem.cpp
         Создание кода...
       Link:
         C:\Program Files (x86)\Microsoft Visual Studio 11.0\VC\bin\link.exe /ERRORREPORT:PROMPT /OUT:"C:\Users\Наташа\Documents\Visual Studio 2012\Projects\LabWork4thSem\Debug\LabWork4thSem.exe" /INCREMENTAL /NOLOGO /ASSEMBLYRESOURCE:Debug\LabWork4thSem.Form1.resources /ASSEMBLYRESOURCE:Debug\LabWork4thSem.History.resources /MANIFEST /MANIFESTUAC:"level='asInvoker' uiAccess='false'" /manifest:embed /DEBUG /PDB:"C:\Users\Наташа\Documents\Visual Studio 2012\Projects\LabWork4thSem\Debug\LabWork4thSem.pdb" /ASSEMBLYDEBUG /SUBSYSTEM:WINDOWS /TLBID:1 /ENTRY:"main" /DYNAMICBASE /FIXED:NO /NXCOMPAT /MACHINE:X86 Debug\app.res
         Debug\AssemblyInfo.obj
         Debug\CB.obj
         Debug\History.obj
         Debug\LabWork4thSem.obj
         Debug\Monom.obj
         Debug\POlynom.obj
         Debug\Stack.obj
         Debug\stdafx.obj
         "Debug\.NETFramework,Version=v4.5.AssemblyAttributes.obj"
         LabWork4thSem.vcxproj -> C:\Users\Наташа\Documents\Visual Studio 2012\Projects\LabWork4thSem\Debug\LabWork4thSem.exe
     1>Построение проекта "C:\Users\Наташа\Documents\Visual Studio 2012\Projects\LabWork4thSem\LabWork4thSem\LabWork4thSem.vcxproj" завершено (целевые объекты Build).

Построение успешно завершено.

Затраченное время: 00:00:04.60
