C:\USERS\НАТАША\DOCUMENTS\VISUAL STUDIO 2012\PROJECTS\ЛАБОРАТОРНАЯ РАБОТА 2. ИГРА ЖИЗНЬ С БУФЕРОМ (МАССИВ)\DEBUG\STACK.BSC
C:\USERS\Наташа\DOCUMENTS\VISUAL STUDIO 2012\PROJECTS\Лабораторная работа 2. Игра Жизнь с буфером (массив)\STACK\DEBUG\CB.SBR
C:\USERS\Наташа\DOCUMENTS\VISUAL STUDIO 2012\PROJECTS\Лабораторная работа 2. Игра Жизнь с буфером (массив)\STACK\DEBUG\STACK.SBR
C:\USERS\Наташа\DOCUMENTS\VISUAL STUDIO 2012\PROJECTS\Лабораторная работа 2. Игра Жизнь с буфером (массив)\STACK\DEBUG\STACK.OBJ
C:\USERS\Наташа\DOCUMENTS\VISUAL STUDIO 2012\PROJECTS\Лабораторная работа 2. Игра Жизнь с буфером (массив)\STACK\DEBUG\CB.OBJ
C:\USERS\НАТАША\DOCUMENTS\VISUAL STUDIO 2012\PROJECTS\ЛАБОРАТОРНАЯ РАБОТА 2. ИГРА ЖИЗНЬ С БУФЕРОМ (МАССИВ)\STACK\DEBUG\VC110.PDB
C:\USERS\Наташа\DOCUMENTS\VISUAL STUDIO 2012\PROJECTS\Лабораторная работа 2. Игра Жизнь с буфером (массив)\STACK\DEBUG\.NETFRAMEWORK,VERSION=V4.0.ASSEMBLYATTRIBUTES.SBR
C:\USERS\Наташа\DOCUMENTS\VISUAL STUDIO 2012\PROJECTS\Лабораторная работа 2. Игра Жизнь с буфером (массив)\STACK\DEBUG\.NETFRAMEWORK,VERSION=V4.0.ASSEMBLYATTRIBUTES.OBJ
C:\USERS\Наташа\DOCUMENTS\VISUAL STUDIO 2012\PROJECTS\Лабораторная работа 2. Игра Жизнь с буфером (массив)\DEBUG\STACK.LIB
C:\Users\Наташа\Documents\Visual Studio 2012\Projects\Лабораторная работа 2. Игра Жизнь с буфером (массив)\Stack\Debug\Stack.vcxprojResolveAssemblyReference.cache
C:\Users\Наташа\Documents\Visual Studio 2012\Projects\Лабораторная работа 2. Игра Жизнь с буфером (массив)\Stack\Debug\.NETFramework,Version=v4.0.AssemblyAttributes.obj
C:\Users\Наташа\Documents\Visual Studio 2012\Projects\Лабораторная работа 2. Игра Жизнь с буфером (массив)\Stack\Debug\CB.obj
C:\Users\Наташа\Documents\Visual Studio 2012\Projects\Лабораторная работа 2. Игра Жизнь с буфером (массив)\Stack\Debug\Stack.obj
C:\Users\Наташа\Documents\Visual Studio 2012\Projects\Лабораторная работа 2. Игра Жизнь с буфером (массив)\Stack\Debug\BscMake.command.1.tlog
C:\Users\Наташа\Documents\Visual Studio 2012\Projects\Лабораторная работа 2. Игра Жизнь с буфером (массив)\Stack\Debug\bscmake.read.1.tlog
C:\Users\Наташа\Documents\Visual Studio 2012\Projects\Лабораторная работа 2. Игра Жизнь с буфером (массив)\Stack\Debug\BscMake.write.1.tlog
C:\Users\Наташа\Documents\Visual Studio 2012\Projects\Лабораторная работа 2. Игра Жизнь с буфером (массив)\Stack\Debug\cl.command.1.tlog
C:\Users\Наташа\Documents\Visual Studio 2012\Projects\Лабораторная работа 2. Игра Жизнь с буфером (массив)\Stack\Debug\CL.read.1.tlog
C:\Users\Наташа\Documents\Visual Studio 2012\Projects\Лабораторная работа 2. Игра Жизнь с буфером (массив)\Stack\Debug\CL.write.1.tlog
C:\Users\Наташа\Documents\Visual Studio 2012\Projects\Лабораторная работа 2. Игра Жизнь с буфером (массив)\Stack\Debug\Lib-link.read.1.tlog
C:\Users\Наташа\Documents\Visual Studio 2012\Projects\Лабораторная работа 2. Игра Жизнь с буфером (массив)\Stack\Debug\Lib-link.write.1.tlog
C:\Users\Наташа\Documents\Visual Studio 2012\Projects\Лабораторная работа 2. Игра Жизнь с буфером (массив)\Stack\Debug\lib.command.1.tlog
C:\Users\Наташа\Documents\Visual Studio 2012\Projects\Лабораторная работа 2. Игра Жизнь с буфером (массив)\Stack\Debug\metagen.read.1.tlog
C:\Users\Наташа\Documents\Visual Studio 2012\Projects\Лабораторная работа 2. Игра Жизнь с буфером (массив)\Stack\Debug\metagen.write.1.tlog
C:\Users\Наташа\Documents\Visual Studio 2012\Projects\Лабораторная работа 2. Игра Жизнь с буфером (массив)\Stack\Debug\vc110.pdb
C:\Users\Наташа\Documents\Visual Studio 2012\Projects\Лабораторная работа 2. Игра Жизнь с буфером (массив)\Stack\Debug\.NETFramework,Version=v4.0.AssemblyAttributes.sbr
C:\Users\Наташа\Documents\Visual Studio 2012\Projects\Лабораторная работа 2. Игра Жизнь с буфером (массив)\Stack\Debug\CB.sbr
C:\Users\Наташа\Documents\Visual Studio 2012\Projects\Лабораторная работа 2. Игра Жизнь с буфером (массив)\Stack\Debug\Stack.sbr
C:\Users\Наташа\Documents\Visual Studio 2012\Projects\Лабораторная работа 2. Игра Жизнь с буфером (массив)\Stack\Debug\TZRES.DLL.bi
C:\Users\Наташа\Documents\Visual Studio 2012\Projects\Лабораторная работа 2. Игра Жизнь с буфером (массив)\Debug\Stack.lib
C:\Users\Наташа\Documents\Visual Studio 2012\Projects\Лабораторная работа 2. Игра Жизнь с буфером (массив)\Debug\Stack.bsc
