Построение начато 29.11.2014 15:51:10.
     1>Проект "C:\Users\Наташа\Documents\Visual Studio 2012\Projects\Лабораторная работа 3. Игра Жизнь\PolskLib\sdd.vcxproj" в узле 2 (целевые объекты Rebuild).
     1>ClCompile:
         C:\Program Files (x86)\Microsoft Visual Studio 11.0\VC\bin\CL.exe /c /AI"C:\Program Files (x86)\Reference Assemblies\Microsoft\Framework\.NETFramework\v4.0" /AI"C:\Program Files (x86)\Windows Kits\8.0\References\CommonConfiguration\Neutral" /Zi /clr:pure /nologo /W3 /WX- /sdl /Od /Oy- /D WIN32 /D _DEBUG /D _LIB /D _UNICODE /D UNICODE /EHa /MDd /GS /fp:precise /Zc:wchar_t /Zc:forScope /Fo"Debug\\" /Fd"Debug\vc110.pdb" /TP /analyze- /errorReport:prompt /clr:nostdlib Calc.cpp FSM.cpp MakePolsk.cpp token.cpp
         Calc.cpp
         FSM.cpp
     1>FSM.cpp(13): warning C4018: <: несоответствие типов со знаком и без знака
     1>FSM.cpp(174): warning C4018: <: несоответствие типов со знаком и без знака
         MakePolsk.cpp
         token.cpp
         Создание кода...
     1>c:\users\наташа\documents\visual studio 2012\projects\лабораторная работа 3. игра жизнь\polsklib\token.cpp(29): warning C4715: OpToken::Op: значение возвращается не при всех путях выполнения
     1>c:\users\наташа\documents\visual studio 2012\projects\лабораторная работа 3. игра жизнь\polsklib\token.cpp(65): warning C4715: HelpWithToken::GetPriority: значение возвращается не при всех путях выполнения
     1>c:\users\наташа\documents\visual studio 2012\projects\лабораторная работа 3. игра жизнь\polsklib\token.cpp(40): warning C4715: OpToken::GetString: значение возвращается не при всех путях выполнения
         C:\Program Files (x86)\Microsoft Visual Studio 11.0\VC\bin\CL.exe /c /Zi /clr:pure /nologo /W3 /WX- /sdl /Od /Oy- /D WIN32 /D _DEBUG /D _LIB /D _UNICODE /D UNICODE /EHa /MDd /GS /fp:precise /Zc:wchar_t /Zc:forScope /Fo"Debug\\" /Fd"Debug\vc110.pdb" /TP /analyze- /errorReport:prompt "C:\Users\Наташа\AppData\Local\Temp\.NETFramework,Version=v4.0.AssemblyAttributes.cpp"
         .NETFramework,Version=v4.0.AssemblyAttributes.cpp
       Lib:
         C:\Program Files (x86)\Microsoft Visual Studio 11.0\VC\bin\Lib.exe /OUT:"C:\Users\Наташа\Documents\Visual Studio 2012\Projects\Лабораторная работа 3. Игра Жизнь\Debug\sdd.lib" /NOLOGO Debug\Calc.obj
         Debug\FSM.obj
         Debug\MakePolsk.obj
         Debug\token.obj
         "Debug\.NETFramework,Version=v4.0.AssemblyAttributes.obj"
     1>.NETFramework,Version=v4.0.AssemblyAttributes.obj : warning LNK4221: ▌ЄюЄ Їрщы юс·хъЄр эх юяЁхфхы хЄ ъръшх-ышсю Ёрэхх эхюяЁхфхыхээ√х юЄъЁ√Є√х ёшьтюы√, яю¤Єюьє юэ эх сєфхЄ шёяюы№чютрЄ№ё  эшъръшьш юяхЁрЎш ьш ъюьяюэютъш, юсЁр∙р■∙шьшё  ъ ¤Єющ сшсышюЄхъх
         sdd.vcxproj -> C:\Users\Наташа\Documents\Visual Studio 2012\Projects\Лабораторная работа 3. Игра Жизнь\Debug\sdd.lib
     1>Построение проекта "C:\Users\Наташа\Documents\Visual Studio 2012\Projects\Лабораторная работа 3. Игра Жизнь\PolskLib\sdd.vcxproj" завершено (целевые объекты Rebuild).

Построение успешно завершено.

Затраченное время: 00:00:05.97
