C:\USERS\Наташа\DOCUMENTS\VISUAL STUDIO 2012\PROJECTS\Лабораторная работа 2. Игра Жизнь с буфером (массив)\LIFEAPP\DEBUG\LIFEAPP.PCH
C:\USERS\Наташа\DOCUMENTS\VISUAL STUDIO 2012\PROJECTS\Лабораторная работа 2. Игра Жизнь с буфером (массив)\LIFEAPP\DEBUG\STDAFX.SBR
C:\USERS\Наташа\DOCUMENTS\VISUAL STUDIO 2012\PROJECTS\Лабораторная работа 2. Игра Жизнь с буфером (массив)\LIFEAPP\DEBUG\STDAFX.OBJ
C:\USERS\НАТАША\DOCUMENTS\VISUAL STUDIO 2012\PROJECTS\ЛАБОРАТОРНАЯ РАБОТА 2. ИГРА ЖИЗНЬ С БУФЕРОМ (МАССИВ)\LIFEAPP\DEBUG\VC110.PDB
C:\USERS\Наташа\DOCUMENTS\VISUAL STUDIO 2012\PROJECTS\Лабораторная работа 2. Игра Жизнь с буфером (массив)\LIFEAPP\DEBUG\ASSEMBLYINFO.SBR
C:\USERS\Наташа\DOCUMENTS\VISUAL STUDIO 2012\PROJECTS\Лабораторная работа 2. Игра Жизнь с буфером (массив)\LIFEAPP\DEBUG\LIFEAPP.SBR
C:\USERS\Наташа\DOCUMENTS\VISUAL STUDIO 2012\PROJECTS\Лабораторная работа 2. Игра Жизнь с буфером (массив)\LIFEAPP\DEBUG\OBSERVER.SBR
C:\USERS\Наташа\DOCUMENTS\VISUAL STUDIO 2012\PROJECTS\Лабораторная работа 2. Игра Жизнь с буфером (массив)\LIFEAPP\DEBUG\PAINT.SBR
C:\USERS\Наташа\DOCUMENTS\VISUAL STUDIO 2012\PROJECTS\Лабораторная работа 2. Игра Жизнь с буфером (массив)\LIFEAPP\DEBUG\CODE.SBR
C:\USERS\Наташа\DOCUMENTS\VISUAL STUDIO 2012\PROJECTS\Лабораторная работа 2. Игра Жизнь с буфером (массив)\LIFEAPP\DEBUG\ASSEMBLYINFO.OBJ
C:\USERS\НАТАША\DOCUMENTS\VISUAL STUDIO 2012\PROJECTS\ЛАБОРАТОРНАЯ РАБОТА 2. ИГРА ЖИЗНЬ С БУФЕРОМ (МАССИВ)\LIFEAPP\DEBUG\ASSEMBLYINFO.OBJ
C:\USERS\НАТАША\DOCUMENTS\VISUAL STUDIO 2012\PROJECTS\ЛАБОРАТОРНАЯ РАБОТА 2. ИГРА ЖИЗНЬ С БУФЕРОМ (МАССИВ)\LIFEAPP\DEBUG\ASSEMBLYINFO.SBR
C:\Users\Наташа\Documents\Visual Studio 2012\Projects\Лабораторная работа 2. Игра Жизнь с буфером (массив)\LifeApp\Debug\LifeApp.BufferForm.resources
C:\Users\Наташа\Documents\Visual Studio 2012\Projects\Лабораторная работа 2. Игра Жизнь с буфером (массив)\LifeApp\Debug\LifeApp.Form1.resources
C:\Users\Наташа\Documents\Visual Studio 2012\Projects\Лабораторная работа 2. Игра Жизнь с буфером (массив)\LifeApp\Debug\LifeApp.Settings.resources
C:\Users\Наташа\Documents\Visual Studio 2012\Projects\Лабораторная работа 2. Игра Жизнь с буфером (массив)\LifeApp\Debug\LifeApp.vcxprojResolveAssemblyReference.cache
C:\Users\Наташа\Documents\Visual Studio 2012\Projects\Лабораторная работа 2. Игра Жизнь с буфером (массив)\LifeApp\Debug\AssemblyInfo.obj
C:\Users\Наташа\Documents\Visual Studio 2012\Projects\Лабораторная работа 2. Игра Жизнь с буфером (массив)\LifeApp\Debug\stdafx.obj
C:\Users\Наташа\Documents\Visual Studio 2012\Projects\Лабораторная работа 2. Игра Жизнь с буфером (массив)\LifeApp\Debug\cl.command.1.tlog
C:\Users\Наташа\Documents\Visual Studio 2012\Projects\Лабораторная работа 2. Игра Жизнь с буфером (массив)\LifeApp\Debug\CL.read.1.tlog
C:\Users\Наташа\Documents\Visual Studio 2012\Projects\Лабораторная работа 2. Игра Жизнь с буфером (массив)\LifeApp\Debug\CL.write.1.tlog
C:\Users\Наташа\Documents\Visual Studio 2012\Projects\Лабораторная работа 2. Игра Жизнь с буфером (массив)\LifeApp\Debug\LifeApp.write.1.tlog
C:\Users\Наташа\Documents\Visual Studio 2012\Projects\Лабораторная работа 2. Игра Жизнь с буфером (массив)\LifeApp\Debug\metagen.write.1.tlog
C:\Users\Наташа\Documents\Visual Studio 2012\Projects\Лабораторная работа 2. Игра Жизнь с буфером (массив)\LifeApp\Debug\LifeApp.pch
C:\Users\Наташа\Documents\Visual Studio 2012\Projects\Лабораторная работа 2. Игра Жизнь с буфером (массив)\LifeApp\Debug\vc110.pdb
C:\Users\Наташа\Documents\Visual Studio 2012\Projects\Лабораторная работа 2. Игра Жизнь с буфером (массив)\LifeApp\Debug\AssemblyInfo.sbr
C:\Users\Наташа\Documents\Visual Studio 2012\Projects\Лабораторная работа 2. Игра Жизнь с буфером (массив)\LifeApp\Debug\code.sbr
C:\Users\Наташа\Documents\Visual Studio 2012\Projects\Лабораторная работа 2. Игра Жизнь с буфером (массив)\LifeApp\Debug\LifeApp.sbr
C:\Users\Наташа\Documents\Visual Studio 2012\Projects\Лабораторная работа 2. Игра Жизнь с буфером (массив)\LifeApp\Debug\Observer.sbr
C:\Users\Наташа\Documents\Visual Studio 2012\Projects\Лабораторная работа 2. Игра Жизнь с буфером (массив)\LifeApp\Debug\Paint.sbr
C:\Users\Наташа\Documents\Visual Studio 2012\Projects\Лабораторная работа 2. Игра Жизнь с буфером (массив)\LifeApp\Debug\stdafx.sbr
