Построение начато 28.11.2014 18:04:52.
     1>Проект "C:\Users\Наташа\Documents\Visual Studio 2012\Projects\Лабораторная работа 2. Игра Жизнь с буфером (массив)\LifeApp\LifeApp.vcxproj" в узле 2 (целевые объекты Build).
     1>ClCompile:
         C:\Program Files (x86)\Microsoft Visual Studio 11.0\VC\bin\CL.exe /c /I..\LibField /I..\Stack /AI"C:\Program Files (x86)\Reference Assemblies\Microsoft\Framework\.NETFramework\v4.0" /AI"C:\Program Files (x86)\Windows Kits\8.0\References\CommonConfiguration\Neutral" /Zi /clr:pure /nologo /W3 /WX- /Od /Oy- /D WIN32 /D _DEBUG /D _UNICODE /D UNICODE /EHa /MDd /GS /fp:precise /Zc:wchar_t /Zc:forScope /Yc"stdafx.h" /Fp"Debug\LifeApp.pch" /Fo"Debug\\" /Fd"Debug\vc110.pdb" /FR"Debug\\" /TP /FU"C:\Program Files (x86)\Reference Assemblies\Microsoft\Framework\.NETFramework\v4.0\mscorlib.dll" /FU"C:\Program Files (x86)\Reference Assemblies\Microsoft\Framework\.NETFramework\v4.0\System.Data.dll" /FU"C:\Program Files (x86)\Reference Assemblies\Microsoft\Framework\.NETFramework\v4.0\System.dll" /FU"C:\Program Files (x86)\Reference Assemblies\Microsoft\Framework\.NETFramework\v4.0\System.Drawing.dll" /FU"C:\Program Files (x86)\Reference Assemblies\Microsoft\Framework\.NETFramework\v4.0\System.Windows.Forms.dll" /FU"C:\Program Files (x86)\Reference Assemblies\Microsoft\Framework\.NETFramework\v4.0\System.Xml.dll" /analyze- /errorReport:prompt /clr:nostdlib stdafx.cpp
         stdafx.cpp
         C:\Program Files (x86)\Microsoft Visual Studio 11.0\VC\bin\CL.exe /c /I..\LibField /I..\Stack /AI"C:\Program Files (x86)\Reference Assemblies\Microsoft\Framework\.NETFramework\v4.0" /AI"C:\Program Files (x86)\Windows Kits\8.0\References\CommonConfiguration\Neutral" /Zi /clr:pure /nologo /W3 /WX- /Od /Oy- /D WIN32 /D _DEBUG /D _UNICODE /D UNICODE /EHa /MDd /GS /fp:precise /Zc:wchar_t /Zc:forScope /Yu"stdafx.h" /Fp"Debug\LifeApp.pch" /Fo"Debug\\" /Fd"Debug\vc110.pdb" /FR"Debug\\" /TP /FU"C:\Program Files (x86)\Reference Assemblies\Microsoft\Framework\.NETFramework\v4.0\mscorlib.dll" /FU"C:\Program Files (x86)\Reference Assemblies\Microsoft\Framework\.NETFramework\v4.0\System.Data.dll" /FU"C:\Program Files (x86)\Reference Assemblies\Microsoft\Framework\.NETFramework\v4.0\System.dll" /FU"C:\Program Files (x86)\Reference Assemblies\Microsoft\Framework\.NETFramework\v4.0\System.Drawing.dll" /FU"C:\Program Files (x86)\Reference Assemblies\Microsoft\Framework\.NETFramework\v4.0\System.Windows.Forms.dll" /FU"C:\Program Files (x86)\Reference Assemblies\Microsoft\Framework\.NETFramework\v4.0\System.Xml.dll" /analyze- /errorReport:prompt /clr:nostdlib AssemblyInfo.cpp LifeApp.cpp Observer.cpp Paint.cpp code.cpp
         AssemblyInfo.cpp
         LifeApp.cpp
     1>c:\users\наташа\documents\visual studio 2012\projects\лабораторная работа 2. игра жизнь с буфером (массив)\lifeapp\Observer.h(44): error C2143: синтаксическая ошибка: отсутствие ";" перед "*"
     1>c:\users\наташа\documents\visual studio 2012\projects\лабораторная работа 2. игра жизнь с буфером (массив)\lifeapp\Observer.h(44): error C4430: отсутствует спецификатор типа - предполагается int. Примечание. C++ не поддерживает int по умолчанию
     1>c:\users\наташа\documents\visual studio 2012\projects\лабораторная работа 2. игра жизнь с буфером (массив)\lifeapp\Observer.h(44): warning C4183: GetField: отсутствие возвращаемого типа; предполагается функция-член, возвращающая "int"
     1>c:\users\наташа\documents\visual studio 2012\projects\лабораторная работа 2. игра жизнь с буфером (массив)\lifeapp\Observer.h(45): error C2143: синтаксическая ошибка: отсутствие ";" перед "*"
     1>c:\users\наташа\documents\visual studio 2012\projects\лабораторная работа 2. игра жизнь с буфером (массив)\lifeapp\Observer.h(45): error C4430: отсутствует спецификатор типа - предполагается int. Примечание. C++ не поддерживает int по умолчанию
     1>c:\users\наташа\documents\visual studio 2012\projects\лабораторная работа 2. игра жизнь с буфером (массив)\lifeapp\Observer.h(45): warning C4183: GetTemp: отсутствие возвращаемого типа; предполагается функция-член, возвращающая "int"
     1>c:\users\наташа\documents\visual studio 2012\projects\лабораторная работа 2. игра жизнь с буфером (массив)\lifeapp\Observer.h(46): error C2143: синтаксическая ошибка: отсутствие ";" перед "*"
     1>c:\users\наташа\documents\visual studio 2012\projects\лабораторная работа 2. игра жизнь с буфером (массив)\lifeapp\Observer.h(46): error C4430: отсутствует спецификатор типа - предполагается int. Примечание. C++ не поддерживает int по умолчанию
     1>c:\users\наташа\documents\visual studio 2012\projects\лабораторная работа 2. игра жизнь с буфером (массив)\lifeapp\Observer.h(46): warning C4183: GetRes: отсутствие возвращаемого типа; предполагается функция-член, возвращающая "int"
     1>c:\users\наташа\documents\visual studio 2012\projects\лабораторная работа 2. игра жизнь с буфером (массив)\lifeapp\Form1.h(233): error C2039: Row: не является членом "System::Int32"
                 c:\program files (x86)\reference assemblies\microsoft\framework\.netframework\v4.0\mscorlib.dll: см. объявление "System::Int32"
     1>c:\users\наташа\documents\visual studio 2012\projects\лабораторная работа 2. игра жизнь с буфером (массив)\lifeapp\Form1.h(234): error C2039: Colmns: не является членом "System::Int32"
                 c:\program files (x86)\reference assemblies\microsoft\framework\.netframework\v4.0\mscorlib.dll: см. объявление "System::Int32"
     1>c:\users\наташа\documents\visual studio 2012\projects\лабораторная работа 2. игра жизнь с буфером (массив)\lifeapp\Form1.h(235): error C2039: Row: не является членом "System::Int32"
                 c:\program files (x86)\reference assemblies\microsoft\framework\.netframework\v4.0\mscorlib.dll: см. объявление "System::Int32"
     1>c:\users\наташа\documents\visual studio 2012\projects\лабораторная работа 2. игра жизнь с буфером (массив)\lifeapp\Form1.h(235): error C2039: Colmns: не является членом "System::Int32"
                 c:\program files (x86)\reference assemblies\microsoft\framework\.netframework\v4.0\mscorlib.dll: см. объявление "System::Int32"
     1>c:\users\наташа\documents\visual studio 2012\projects\лабораторная работа 2. игра жизнь с буфером (массив)\lifeapp\Form1.h(235): error C2664: LifeApp::Form1::Paint2D: невозможно преобразовать параметр 4 из "int *" в "TField *"
                 Типы, на которые указывают указатели, не связаны; для преобразования требуется reinterpret_cast, приведение в стиле С или приведение в стиле функции
     1>c:\users\наташа\documents\visual studio 2012\projects\лабораторная работа 2. игра жизнь с буфером (массив)\lifeapp\Form1.h(239): error C2039: Row: не является членом "System::Int32"
                 c:\program files (x86)\reference assemblies\microsoft\framework\.netframework\v4.0\mscorlib.dll: см. объявление "System::Int32"
     1>c:\users\наташа\documents\visual studio 2012\projects\лабораторная работа 2. игра жизнь с буфером (массив)\lifeapp\Form1.h(240): error C2039: Colmns: не является членом "System::Int32"
                 c:\program files (x86)\reference assemblies\microsoft\framework\.netframework\v4.0\mscorlib.dll: см. объявление "System::Int32"
     1>c:\users\наташа\documents\visual studio 2012\projects\лабораторная работа 2. игра жизнь с буфером (массив)\lifeapp\Form1.h(241): error C2039: GetEl: не является членом "System::Int32"
                 c:\program files (x86)\reference assemblies\microsoft\framework\.netframework\v4.0\mscorlib.dll: см. объявление "System::Int32"
     1>c:\users\наташа\documents\visual studio 2012\projects\лабораторная работа 2. игра жизнь с буфером (массив)\lifeapp\Form1.h(241): error C2039: MaxNumOfStates: не является членом "System::Int32"
                 c:\program files (x86)\reference assemblies\microsoft\framework\.netframework\v4.0\mscorlib.dll: см. объявление "System::Int32"
     1>c:\users\наташа\documents\visual studio 2012\projects\лабораторная работа 2. игра жизнь с буфером (массив)\lifeapp\Form1.h(242): error C2039: SetEl: не является членом "System::Int32"
                 c:\program files (x86)\reference assemblies\microsoft\framework\.netframework\v4.0\mscorlib.dll: см. объявление "System::Int32"
     1>c:\users\наташа\documents\visual studio 2012\projects\лабораторная работа 2. игра жизнь с буфером (массив)\lifeapp\Form1.h(251): error C2039: Row: не является членом "System::Int32"
                 c:\program files (x86)\reference assemblies\microsoft\framework\.netframework\v4.0\mscorlib.dll: см. объявление "System::Int32"
     1>c:\users\наташа\documents\visual studio 2012\projects\лабораторная работа 2. игра жизнь с буфером (массив)\lifeapp\Form1.h(252): error C2039: Colmns: не является членом "System::Int32"
                 c:\program files (x86)\reference assemblies\microsoft\framework\.netframework\v4.0\mscorlib.dll: см. объявление "System::Int32"
     1>c:\users\наташа\documents\visual studio 2012\projects\лабораторная работа 2. игра жизнь с буфером (массив)\lifeapp\Form1.h(253): error C2039: Row: не является членом "System::Int32"
                 c:\program files (x86)\reference assemblies\microsoft\framework\.netframework\v4.0\mscorlib.dll: см. объявление "System::Int32"
     1>c:\users\наташа\documents\visual studio 2012\projects\лабораторная работа 2. игра жизнь с буфером (массив)\lifeapp\Form1.h(253): error C2039: Colmns: не является членом "System::Int32"
                 c:\program files (x86)\reference assemblies\microsoft\framework\.netframework\v4.0\mscorlib.dll: см. объявление "System::Int32"
     1>c:\users\наташа\documents\visual studio 2012\projects\лабораторная работа 2. игра жизнь с буфером (массив)\lifeapp\Form1.h(253): error C2664: LifeApp::Form1::Paint2D: невозможно преобразовать параметр 4 из "int *" в "TField *"
                 Типы, на которые указывают указатели, не связаны; для преобразования требуется reinterpret_cast, приведение в стиле С или приведение в стиле функции
     1>c:\users\наташа\documents\visual studio 2012\projects\лабораторная работа 2. игра жизнь с буфером (массив)\lifeapp\Form1.h(257): error C2039: Row: не является членом "System::Int32"
                 c:\program files (x86)\reference assemblies\microsoft\framework\.netframework\v4.0\mscorlib.dll: см. объявление "System::Int32"
     1>c:\users\наташа\documents\visual studio 2012\projects\лабораторная работа 2. игра жизнь с буфером (массив)\lifeapp\Form1.h(258): error C2039: Colmns: не является членом "System::Int32"
                 c:\program files (x86)\reference assemblies\microsoft\framework\.netframework\v4.0\mscorlib.dll: см. объявление "System::Int32"
     1>c:\users\наташа\documents\visual studio 2012\projects\лабораторная работа 2. игра жизнь с буфером (массив)\lifeapp\Form1.h(259): error C2039: GetEl: не является членом "System::Int32"
                 c:\program files (x86)\reference assemblies\microsoft\framework\.netframework\v4.0\mscorlib.dll: см. объявление "System::Int32"
     1>c:\users\наташа\documents\visual studio 2012\projects\лабораторная работа 2. игра жизнь с буфером (массив)\lifeapp\Form1.h(259): error C2039: MaxNumOfStates: не является членом "System::Int32"
                 c:\program files (x86)\reference assemblies\microsoft\framework\.netframework\v4.0\mscorlib.dll: см. объявление "System::Int32"
     1>c:\users\наташа\documents\visual studio 2012\projects\лабораторная работа 2. игра жизнь с буфером (массив)\lifeapp\Form1.h(260): error C2039: SetEl: не является членом "System::Int32"
                 c:\program files (x86)\reference assemblies\microsoft\framework\.netframework\v4.0\mscorlib.dll: см. объявление "System::Int32"
     1>c:\users\наташа\documents\visual studio 2012\projects\лабораторная работа 2. игра жизнь с буфером (массив)\lifeapp\Form1.h(269): error C2664: TAlg::NextState: невозможно преобразовать параметр 1 из "int *" в "TField *"
                 Типы, на которые указывают указатели, не связаны; для преобразования требуется reinterpret_cast, приведение в стиле С или приведение в стиле функции
     1>c:\users\наташа\documents\visual studio 2012\projects\лабораторная работа 2. игра жизнь с буфером (массив)\lifeapp\Form1.h(288): error C2664: TAlg::NextState: невозможно преобразовать параметр 1 из "int *" в "TField *"
                 Типы, на которые указывают указатели, не связаны; для преобразования требуется reinterpret_cast, приведение в стиле С или приведение в стиле функции
     1>c:\users\наташа\documents\visual studio 2012\projects\лабораторная работа 2. игра жизнь с буфером (массив)\lifeapp\BufferForm.h(244): error C2061: синтаксическая ошибка: идентификатор "IField"
     1>c:\users\наташа\documents\visual studio 2012\projects\лабораторная работа 2. игра жизнь с буфером (массив)\lifeapp\Settings.h(532): error C2039: Row: не является членом "System::Int32"
                 c:\program files (x86)\reference assemblies\microsoft\framework\.netframework\v4.0\mscorlib.dll: см. объявление "System::Int32"
     1>c:\users\наташа\documents\visual studio 2012\projects\лабораторная работа 2. игра жизнь с буфером (массив)\lifeapp\Settings.h(535): error C2039: Colmns: не является членом "System::Int32"
                 c:\program files (x86)\reference assemblies\microsoft\framework\.netframework\v4.0\mscorlib.dll: см. объявление "System::Int32"
     1>LifeApp.cpp(19): error C2061: синтаксическая ошибка: идентификатор "Settings"
         Observer.cpp
     1>c:\users\наташа\documents\visual studio 2012\projects\лабораторная работа 2. игра жизнь с буфером (массив)\lifeapp\Observer.h(44): error C2143: синтаксическая ошибка: отсутствие ";" перед "*"
     1>c:\users\наташа\documents\visual studio 2012\projects\лабораторная работа 2. игра жизнь с буфером (массив)\lifeapp\Observer.h(44): error C4430: отсутствует спецификатор типа - предполагается int. Примечание. C++ не поддерживает int по умолчанию
     1>c:\users\наташа\documents\visual studio 2012\projects\лабораторная работа 2. игра жизнь с буфером (массив)\lifeapp\Observer.h(44): warning C4183: GetField: отсутствие возвращаемого типа; предполагается функция-член, возвращающая "int"
     1>c:\users\наташа\documents\visual studio 2012\projects\лабораторная работа 2. игра жизнь с буфером (массив)\lifeapp\Observer.h(45): error C2143: синтаксическая ошибка: отсутствие ";" перед "*"
     1>c:\users\наташа\documents\visual studio 2012\projects\лабораторная работа 2. игра жизнь с буфером (массив)\lifeapp\Observer.h(45): error C4430: отсутствует спецификатор типа - предполагается int. Примечание. C++ не поддерживает int по умолчанию
     1>c:\users\наташа\documents\visual studio 2012\projects\лабораторная работа 2. игра жизнь с буфером (массив)\lifeapp\Observer.h(45): warning C4183: GetTemp: отсутствие возвращаемого типа; предполагается функция-член, возвращающая "int"
     1>c:\users\наташа\documents\visual studio 2012\projects\лабораторная работа 2. игра жизнь с буфером (массив)\lifeapp\Observer.h(46): error C2143: синтаксическая ошибка: отсутствие ";" перед "*"
     1>c:\users\наташа\documents\visual studio 2012\projects\лабораторная работа 2. игра жизнь с буфером (массив)\lifeapp\Observer.h(46): error C4430: отсутствует спецификатор типа - предполагается int. Примечание. C++ не поддерживает int по умолчанию
     1>c:\users\наташа\documents\visual studio 2012\projects\лабораторная работа 2. игра жизнь с буфером (массив)\lifeapp\Observer.h(46): warning C4183: GetRes: отсутствие возвращаемого типа; предполагается функция-член, возвращающая "int"
     1>Observer.cpp(72): error C2143: синтаксическая ошибка: отсутствие ";" перед "*"
     1>Observer.cpp(72): error C4430: отсутствует спецификатор типа - предполагается int. Примечание. C++ не поддерживает int по умолчанию
     1>Observer.cpp(73): error C4430: отсутствует спецификатор типа - предполагается int. Примечание. C++ не поддерживает int по умолчанию
     1>Observer.cpp(74): error C2440: return: невозможно преобразовать "TField *" в "int"
                 Не существует контекста, в котором такое преобразование возможно
     1>Observer.cpp(78): error C2143: синтаксическая ошибка: отсутствие ";" перед "*"
     1>Observer.cpp(78): error C4430: отсутствует спецификатор типа - предполагается int. Примечание. C++ не поддерживает int по умолчанию
     1>Observer.cpp(78): error C2086: int IField: переопределение
                 Observer.cpp(72): см. объявление "IField"
     1>Observer.cpp(79): error C4430: отсутствует спецификатор типа - предполагается int. Примечание. C++ не поддерживает int по умолчанию
     1>Observer.cpp(80): error C2440: return: невозможно преобразовать "TField *" в "int"
                 Не существует контекста, в котором такое преобразование возможно
     1>Observer.cpp(83): error C2143: синтаксическая ошибка: отсутствие ";" перед "*"
     1>Observer.cpp(83): error C4430: отсутствует спецификатор типа - предполагается int. Примечание. C++ не поддерживает int по умолчанию
     1>Observer.cpp(84): error C4430: отсутствует спецификатор типа - предполагается int. Примечание. C++ не поддерживает int по умолчанию
     1>Observer.cpp(85): error C2440: return: невозможно преобразовать "TField *" в "int"
                 Не существует контекста, в котором такое преобразование возможно
         Paint.cpp
     1>c:\users\наташа\documents\visual studio 2012\projects\лабораторная работа 2. игра жизнь с буфером (массив)\lifeapp\Observer.h(44): error C2143: синтаксическая ошибка: отсутствие ";" перед "*"
     1>c:\users\наташа\documents\visual studio 2012\projects\лабораторная работа 2. игра жизнь с буфером (массив)\lifeapp\Observer.h(44): error C4430: отсутствует спецификатор типа - предполагается int. Примечание. C++ не поддерживает int по умолчанию
     1>c:\users\наташа\documents\visual studio 2012\projects\лабораторная работа 2. игра жизнь с буфером (массив)\lifeapp\Observer.h(44): warning C4183: GetField: отсутствие возвращаемого типа; предполагается функция-член, возвращающая "int"
     1>c:\users\наташа\documents\visual studio 2012\projects\лабораторная работа 2. игра жизнь с буфером (массив)\lifeapp\Observer.h(45): error C2143: синтаксическая ошибка: отсутствие ";" перед "*"
     1>c:\users\наташа\documents\visual studio 2012\projects\лабораторная работа 2. игра жизнь с буфером (массив)\lifeapp\Observer.h(45): error C4430: отсутствует спецификатор типа - предполагается int. Примечание. C++ не поддерживает int по умолчанию
     1>c:\users\наташа\documents\visual studio 2012\projects\лабораторная работа 2. игра жизнь с буфером (массив)\lifeapp\Observer.h(45): warning C4183: GetTemp: отсутствие возвращаемого типа; предполагается функция-член, возвращающая "int"
     1>c:\users\наташа\documents\visual studio 2012\projects\лабораторная работа 2. игра жизнь с буфером (массив)\lifeapp\Observer.h(46): error C2143: синтаксическая ошибка: отсутствие ";" перед "*"
     1>c:\users\наташа\documents\visual studio 2012\projects\лабораторная работа 2. игра жизнь с буфером (массив)\lifeapp\Observer.h(46): error C4430: отсутствует спецификатор типа - предполагается int. Примечание. C++ не поддерживает int по умолчанию
     1>c:\users\наташа\documents\visual studio 2012\projects\лабораторная работа 2. игра жизнь с буфером (массив)\lifeapp\Observer.h(46): warning C4183: GetRes: отсутствие возвращаемого типа; предполагается функция-член, возвращающая "int"
     1>c:\users\наташа\documents\visual studio 2012\projects\лабораторная работа 2. игра жизнь с буфером (массив)\lifeapp\Form1.h(233): error C2039: Row: не является членом "System::Int32"
                 c:\program files (x86)\reference assemblies\microsoft\framework\.netframework\v4.0\mscorlib.dll: см. объявление "System::Int32"
     1>c:\users\наташа\documents\visual studio 2012\projects\лабораторная работа 2. игра жизнь с буфером (массив)\lifeapp\Form1.h(234): error C2039: Colmns: не является членом "System::Int32"
                 c:\program files (x86)\reference assemblies\microsoft\framework\.netframework\v4.0\mscorlib.dll: см. объявление "System::Int32"
     1>c:\users\наташа\documents\visual studio 2012\projects\лабораторная работа 2. игра жизнь с буфером (массив)\lifeapp\Form1.h(235): error C2039: Row: не является членом "System::Int32"
                 c:\program files (x86)\reference assemblies\microsoft\framework\.netframework\v4.0\mscorlib.dll: см. объявление "System::Int32"
     1>c:\users\наташа\documents\visual studio 2012\projects\лабораторная работа 2. игра жизнь с буфером (массив)\lifeapp\Form1.h(235): error C2039: Colmns: не является членом "System::Int32"
                 c:\program files (x86)\reference assemblies\microsoft\framework\.netframework\v4.0\mscorlib.dll: см. объявление "System::Int32"
     1>c:\users\наташа\documents\visual studio 2012\projects\лабораторная работа 2. игра жизнь с буфером (массив)\lifeapp\Form1.h(235): error C2664: LifeApp::Form1::Paint2D: невозможно преобразовать параметр 4 из "int *" в "TField *"
                 Типы, на которые указывают указатели, не связаны; для преобразования требуется reinterpret_cast, приведение в стиле С или приведение в стиле функции
     1>c:\users\наташа\documents\visual studio 2012\projects\лабораторная работа 2. игра жизнь с буфером (массив)\lifeapp\Form1.h(239): error C2039: Row: не является членом "System::Int32"
                 c:\program files (x86)\reference assemblies\microsoft\framework\.netframework\v4.0\mscorlib.dll: см. объявление "System::Int32"
     1>c:\users\наташа\documents\visual studio 2012\projects\лабораторная работа 2. игра жизнь с буфером (массив)\lifeapp\Form1.h(240): error C2039: Colmns: не является членом "System::Int32"
                 c:\program files (x86)\reference assemblies\microsoft\framework\.netframework\v4.0\mscorlib.dll: см. объявление "System::Int32"
     1>c:\users\наташа\documents\visual studio 2012\projects\лабораторная работа 2. игра жизнь с буфером (массив)\lifeapp\Form1.h(241): error C2039: GetEl: не является членом "System::Int32"
                 c:\program files (x86)\reference assemblies\microsoft\framework\.netframework\v4.0\mscorlib.dll: см. объявление "System::Int32"
     1>c:\users\наташа\documents\visual studio 2012\projects\лабораторная работа 2. игра жизнь с буфером (массив)\lifeapp\Form1.h(241): error C2039: MaxNumOfStates: не является членом "System::Int32"
                 c:\program files (x86)\reference assemblies\microsoft\framework\.netframework\v4.0\mscorlib.dll: см. объявление "System::Int32"
     1>c:\users\наташа\documents\visual studio 2012\projects\лабораторная работа 2. игра жизнь с буфером (массив)\lifeapp\Form1.h(242): error C2039: SetEl: не является членом "System::Int32"
                 c:\program files (x86)\reference assemblies\microsoft\framework\.netframework\v4.0\mscorlib.dll: см. объявление "System::Int32"
     1>c:\users\наташа\documents\visual studio 2012\projects\лабораторная работа 2. игра жизнь с буфером (массив)\lifeapp\Form1.h(251): error C2039: Row: не является членом "System::Int32"
                 c:\program files (x86)\reference assemblies\microsoft\framework\.netframework\v4.0\mscorlib.dll: см. объявление "System::Int32"
     1>c:\users\наташа\documents\visual studio 2012\projects\лабораторная работа 2. игра жизнь с буфером (массив)\lifeapp\Form1.h(252): error C2039: Colmns: не является членом "System::Int32"
                 c:\program files (x86)\reference assemblies\microsoft\framework\.netframework\v4.0\mscorlib.dll: см. объявление "System::Int32"
     1>c:\users\наташа\documents\visual studio 2012\projects\лабораторная работа 2. игра жизнь с буфером (массив)\lifeapp\Form1.h(253): error C2039: Row: не является членом "System::Int32"
                 c:\program files (x86)\reference assemblies\microsoft\framework\.netframework\v4.0\mscorlib.dll: см. объявление "System::Int32"
     1>c:\users\наташа\documents\visual studio 2012\projects\лабораторная работа 2. игра жизнь с буфером (массив)\lifeapp\Form1.h(253): error C2039: Colmns: не является членом "System::Int32"
                 c:\program files (x86)\reference assemblies\microsoft\framework\.netframework\v4.0\mscorlib.dll: см. объявление "System::Int32"
     1>c:\users\наташа\documents\visual studio 2012\projects\лабораторная работа 2. игра жизнь с буфером (массив)\lifeapp\Form1.h(253): error C2664: LifeApp::Form1::Paint2D: невозможно преобразовать параметр 4 из "int *" в "TField *"
                 Типы, на которые указывают указатели, не связаны; для преобразования требуется reinterpret_cast, приведение в стиле С или приведение в стиле функции
     1>c:\users\наташа\documents\visual studio 2012\projects\лабораторная работа 2. игра жизнь с буфером (массив)\lifeapp\Form1.h(257): error C2039: Row: не является членом "System::Int32"
                 c:\program files (x86)\reference assemblies\microsoft\framework\.netframework\v4.0\mscorlib.dll: см. объявление "System::Int32"
     1>c:\users\наташа\documents\visual studio 2012\projects\лабораторная работа 2. игра жизнь с буфером (массив)\lifeapp\Form1.h(258): error C2039: Colmns: не является членом "System::Int32"
                 c:\program files (x86)\reference assemblies\microsoft\framework\.netframework\v4.0\mscorlib.dll: см. объявление "System::Int32"
     1>c:\users\наташа\documents\visual studio 2012\projects\лабораторная работа 2. игра жизнь с буфером (массив)\lifeapp\Form1.h(259): error C2039: GetEl: не является членом "System::Int32"
                 c:\program files (x86)\reference assemblies\microsoft\framework\.netframework\v4.0\mscorlib.dll: см. объявление "System::Int32"
     1>c:\users\наташа\documents\visual studio 2012\projects\лабораторная работа 2. игра жизнь с буфером (массив)\lifeapp\Form1.h(259): error C2039: MaxNumOfStates: не является членом "System::Int32"
                 c:\program files (x86)\reference assemblies\microsoft\framework\.netframework\v4.0\mscorlib.dll: см. объявление "System::Int32"
     1>c:\users\наташа\documents\visual studio 2012\projects\лабораторная работа 2. игра жизнь с буфером (массив)\lifeapp\Form1.h(260): error C2039: SetEl: не является членом "System::Int32"
                 c:\program files (x86)\reference assemblies\microsoft\framework\.netframework\v4.0\mscorlib.dll: см. объявление "System::Int32"
     1>c:\users\наташа\documents\visual studio 2012\projects\лабораторная работа 2. игра жизнь с буфером (массив)\lifeapp\Form1.h(269): error C2664: TAlg::NextState: невозможно преобразовать параметр 1 из "int *" в "TField *"
                 Типы, на которые указывают указатели, не связаны; для преобразования требуется reinterpret_cast, приведение в стиле С или приведение в стиле функции
     1>c:\users\наташа\documents\visual studio 2012\projects\лабораторная работа 2. игра жизнь с буфером (массив)\lifeapp\Form1.h(288): error C2664: TAlg::NextState: невозможно преобразовать параметр 1 из "int *" в "TField *"
                 Типы, на которые указывают указатели, не связаны; для преобразования требуется reinterpret_cast, приведение в стиле С или приведение в стиле функции
     1>c:\users\наташа\documents\visual studio 2012\projects\лабораторная работа 2. игра жизнь с буфером (массив)\lifeapp\BufferForm.h(244): error C2061: синтаксическая ошибка: идентификатор "IField"
     1>Paint.cpp(9): error C2653: Form1: не является именем класса или пространства имен
     1>Paint.cpp(9): error C2065: Graphics: необъявленный идентификатор
     1>Paint.cpp(9): error C2065: g: необъявленный идентификатор
     1>Paint.cpp(9): error C2062: тип "int" не требуется
     1>Paint.cpp(10): error C2143: синтаксическая ошибка: отсутствие ";" перед "{"
     1>Paint.cpp(10): error C2447: {: отсутствует заголовок функции (возможно, используется формальный список старого типа)
     1>Paint.cpp(80): error C2653: BufferForm: не является именем класса или пространства имен
     1>Paint.cpp(80): error C2065: Graphics: необъявленный идентификатор
     1>Paint.cpp(80): error C2065: g: необъявленный идентификатор
     1>Paint.cpp(80): error C2062: тип "int" не требуется
     1>Paint.cpp(81): error C2143: синтаксическая ошибка: отсутствие ";" перед "{"
     1>Paint.cpp(81): error C2447: {: отсутствует заголовок функции (возможно, используется формальный список старого типа)
     1>Paint.cpp(88): error C2653: BufferForm: не является именем класса или пространства имен
     1>Paint.cpp(88): error C2065: Graphics: необъявленный идентификатор
     1>Paint.cpp(88): error C2065: g: необъявленный идентификатор
     1>Paint.cpp(88): error C2062: тип "int" не требуется
     1>Paint.cpp(89): error C2143: синтаксическая ошибка: отсутствие ";" перед "{"
     1>Paint.cpp(89): error C2447: {: отсутствует заголовок функции (возможно, используется формальный список старого типа)
     1>Paint.cpp(127): error C2653: BufferForm: не является именем класса или пространства имен
     1>Paint.cpp(127): error C2065: Graphics: необъявленный идентификатор
     1>Paint.cpp(127): error C2065: g: необъявленный идентификатор
     1>Paint.cpp(127): error C2062: тип "int" не требуется
     1>Paint.cpp(128): error C2143: синтаксическая ошибка: отсутствие ";" перед "{"
     1>Paint.cpp(128): error C2447: {: отсутствует заголовок функции (возможно, используется формальный список старого типа)
     1>Paint.cpp(141): error C2653: BufferForm: не является именем класса или пространства имен
     1>Paint.cpp(141): error C2065: Graphics: необъявленный идентификатор
     1>Paint.cpp(141): error C2065: g: необъявленный идентификатор
     1>Paint.cpp(141): error C2062: тип "int" не требуется
     1>Paint.cpp(142): error C2143: синтаксическая ошибка: отсутствие ";" перед "{"
     1>Paint.cpp(142): error C2447: {: отсутствует заголовок функции (возможно, используется формальный список старого типа)
     1>Paint.cpp(152): error C2653: BufferForm: не является именем класса или пространства имен
     1>Paint.cpp(152): error C2065: Graphics: необъявленный идентификатор
     1>Paint.cpp(152): error C2065: g: необъявленный идентификатор
     1>Paint.cpp(153): error C2448: ShowDoStack: вероятно, инициализатор, использующий стиль функции, является определением функции
     1>Paint.cpp(227): error C2653: BufferForm: не является именем класса или пространства имен
     1>Paint.cpp(227): error C2065: Graphics: необъявленный идентификатор
     1>Paint.cpp(227): error C2065: g: необъявленный идентификатор
     1>Paint.cpp(228): error C2448: FirstPosToLastPos: вероятно, инициализатор, использующий стиль функции, является определением функции
         code.cpp
     1>c:\users\наташа\documents\visual studio 2012\projects\лабораторная работа 2. игра жизнь с буфером (массив)\lifeapp\Observer.h(44): error C2143: синтаксическая ошибка: отсутствие ";" перед "*"
     1>c:\users\наташа\documents\visual studio 2012\projects\лабораторная работа 2. игра жизнь с буфером (массив)\lifeapp\Observer.h(44): error C4430: отсутствует спецификатор типа - предполагается int. Примечание. C++ не поддерживает int по умолчанию
     1>c:\users\наташа\documents\visual studio 2012\projects\лабораторная работа 2. игра жизнь с буфером (массив)\lifeapp\Observer.h(44): warning C4183: GetField: отсутствие возвращаемого типа; предполагается функция-член, возвращающая "int"
     1>c:\users\наташа\documents\visual studio 2012\projects\лабораторная работа 2. игра жизнь с буфером (массив)\lifeapp\Observer.h(45): error C2143: синтаксическая ошибка: отсутствие ";" перед "*"
     1>c:\users\наташа\documents\visual studio 2012\projects\лабораторная работа 2. игра жизнь с буфером (массив)\lifeapp\Observer.h(45): error C4430: отсутствует спецификатор типа - предполагается int. Примечание. C++ не поддерживает int по умолчанию
     1>c:\users\наташа\documents\visual studio 2012\projects\лабораторная работа 2. игра жизнь с буфером (массив)\lifeapp\Observer.h(45): warning C4183: GetTemp: отсутствие возвращаемого типа; предполагается функция-член, возвращающая "int"
     1>c:\users\наташа\documents\visual studio 2012\projects\лабораторная работа 2. игра жизнь с буфером (массив)\lifeapp\Observer.h(46): error C2143: синтаксическая ошибка: отсутствие ";" перед "*"
     1>c:\users\наташа\documents\visual studio 2012\projects\лабораторная работа 2. игра жизнь с буфером (массив)\lifeapp\Observer.h(46): error C4430: отсутствует спецификатор типа - предполагается int. Примечание. C++ не поддерживает int по умолчанию
     1>c:\users\наташа\documents\visual studio 2012\projects\лабораторная работа 2. игра жизнь с буфером (массив)\lifeapp\Observer.h(46): warning C4183: GetRes: отсутствие возвращаемого типа; предполагается функция-член, возвращающая "int"
     1>c:\users\наташа\documents\visual studio 2012\projects\лабораторная работа 2. игра жизнь с буфером (массив)\lifeapp\Settings.h(532): error C2039: Row: не является членом "System::Int32"
                 c:\program files (x86)\reference assemblies\microsoft\framework\.netframework\v4.0\mscorlib.dll: см. объявление "System::Int32"
     1>c:\users\наташа\documents\visual studio 2012\projects\лабораторная работа 2. игра жизнь с буфером (массив)\lifeapp\Settings.h(535): error C2039: Colmns: не является членом "System::Int32"
                 c:\program files (x86)\reference assemblies\microsoft\framework\.netframework\v4.0\mscorlib.dll: см. объявление "System::Int32"
     1>c:\users\наташа\documents\visual studio 2012\projects\лабораторная работа 2. игра жизнь с буфером (массив)\lifeapp\Form1.h(233): error C2039: Row: не является членом "System::Int32"
                 c:\program files (x86)\reference assemblies\microsoft\framework\.netframework\v4.0\mscorlib.dll: см. объявление "System::Int32"
     1>c:\users\наташа\documents\visual studio 2012\projects\лабораторная работа 2. игра жизнь с буфером (массив)\lifeapp\Form1.h(234): error C2039: Colmns: не является членом "System::Int32"
                 c:\program files (x86)\reference assemblies\microsoft\framework\.netframework\v4.0\mscorlib.dll: см. объявление "System::Int32"
     1>c:\users\наташа\documents\visual studio 2012\projects\лабораторная работа 2. игра жизнь с буфером (массив)\lifeapp\Form1.h(235): error C2039: Row: не является членом "System::Int32"
                 c:\program files (x86)\reference assemblies\microsoft\framework\.netframework\v4.0\mscorlib.dll: см. объявление "System::Int32"
     1>c:\users\наташа\documents\visual studio 2012\projects\лабораторная работа 2. игра жизнь с буфером (массив)\lifeapp\Form1.h(235): error C2039: Colmns: не является членом "System::Int32"
                 c:\program files (x86)\reference assemblies\microsoft\framework\.netframework\v4.0\mscorlib.dll: см. объявление "System::Int32"
     1>c:\users\наташа\documents\visual studio 2012\projects\лабораторная работа 2. игра жизнь с буфером (массив)\lifeapp\Form1.h(235): error C2664: LifeApp::Form1::Paint2D: невозможно преобразовать параметр 4 из "int *" в "TField *"
                 Типы, на которые указывают указатели, не связаны; для преобразования требуется reinterpret_cast, приведение в стиле С или приведение в стиле функции
     1>c:\users\наташа\documents\visual studio 2012\projects\лабораторная работа 2. игра жизнь с буфером (массив)\lifeapp\Form1.h(239): error C2039: Row: не является членом "System::Int32"
                 c:\program files (x86)\reference assemblies\microsoft\framework\.netframework\v4.0\mscorlib.dll: см. объявление "System::Int32"
     1>c:\users\наташа\documents\visual studio 2012\projects\лабораторная работа 2. игра жизнь с буфером (массив)\lifeapp\Form1.h(240): error C2039: Colmns: не является членом "System::Int32"
                 c:\program files (x86)\reference assemblies\microsoft\framework\.netframework\v4.0\mscorlib.dll: см. объявление "System::Int32"
     1>c:\users\наташа\documents\visual studio 2012\projects\лабораторная работа 2. игра жизнь с буфером (массив)\lifeapp\Form1.h(241): error C2039: GetEl: не является членом "System::Int32"
                 c:\program files (x86)\reference assemblies\microsoft\framework\.netframework\v4.0\mscorlib.dll: см. объявление "System::Int32"
     1>c:\users\наташа\documents\visual studio 2012\projects\лабораторная работа 2. игра жизнь с буфером (массив)\lifeapp\Form1.h(241): error C2039: MaxNumOfStates: не является членом "System::Int32"
                 c:\program files (x86)\reference assemblies\microsoft\framework\.netframework\v4.0\mscorlib.dll: см. объявление "System::Int32"
     1>c:\users\наташа\documents\visual studio 2012\projects\лабораторная работа 2. игра жизнь с буфером (массив)\lifeapp\Form1.h(242): error C2039: SetEl: не является членом "System::Int32"
                 c:\program files (x86)\reference assemblies\microsoft\framework\.netframework\v4.0\mscorlib.dll: см. объявление "System::Int32"
     1>c:\users\наташа\documents\visual studio 2012\projects\лабораторная работа 2. игра жизнь с буфером (массив)\lifeapp\Form1.h(251): error C2039: Row: не является членом "System::Int32"
                 c:\program files (x86)\reference assemblies\microsoft\framework\.netframework\v4.0\mscorlib.dll: см. объявление "System::Int32"
     1>c:\users\наташа\documents\visual studio 2012\projects\лабораторная работа 2. игра жизнь с буфером (массив)\lifeapp\Form1.h(252): error C2039: Colmns: не является членом "System::Int32"
                 c:\program files (x86)\reference assemblies\microsoft\framework\.netframework\v4.0\mscorlib.dll: см. объявление "System::Int32"
     1>c:\users\наташа\documents\visual studio 2012\projects\лабораторная работа 2. игра жизнь с буфером (массив)\lifeapp\Form1.h(253): error C2039: Row: не является членом "System::Int32"
                 c:\program files (x86)\reference assemblies\microsoft\framework\.netframework\v4.0\mscorlib.dll: см. объявление "System::Int32"
     1>c:\users\наташа\documents\visual studio 2012\projects\лабораторная работа 2. игра жизнь с буфером (массив)\lifeapp\Form1.h(253): error C2039: Colmns: не является членом "System::Int32"
                 c:\program files (x86)\reference assemblies\microsoft\framework\.netframework\v4.0\mscorlib.dll: см. объявление "System::Int32"
     1>c:\users\наташа\documents\visual studio 2012\projects\лабораторная работа 2. игра жизнь с буфером (массив)\lifeapp\Form1.h(253): error C2664: LifeApp::Form1::Paint2D: невозможно преобразовать параметр 4 из "int *" в "TField *"
                 Типы, на которые указывают указатели, не связаны; для преобразования требуется reinterpret_cast, приведение в стиле С или приведение в стиле функции
     1>c:\users\наташа\documents\visual studio 2012\projects\лабораторная работа 2. игра жизнь с буфером (массив)\lifeapp\Form1.h(257): error C2039: Row: не является членом "System::Int32"
                 c:\program files (x86)\reference assemblies\microsoft\framework\.netframework\v4.0\mscorlib.dll: см. объявление "System::Int32"
     1>c:\users\наташа\documents\visual studio 2012\projects\лабораторная работа 2. игра жизнь с буфером (массив)\lifeapp\Form1.h(258): error C2039: Colmns: не является членом "System::Int32"
                 c:\program files (x86)\reference assemblies\microsoft\framework\.netframework\v4.0\mscorlib.dll: см. объявление "System::Int32"
     1>c:\users\наташа\documents\visual studio 2012\projects\лабораторная работа 2. игра жизнь с буфером (массив)\lifeapp\Form1.h(259): error C2039: GetEl: не является членом "System::Int32"
                 c:\program files (x86)\reference assemblies\microsoft\framework\.netframework\v4.0\mscorlib.dll: см. объявление "System::Int32"
     1>c:\users\наташа\documents\visual studio 2012\projects\лабораторная работа 2. игра жизнь с буфером (массив)\lifeapp\Form1.h(259): error C2039: MaxNumOfStates: не является членом "System::Int32"
                 c:\program files (x86)\reference assemblies\microsoft\framework\.netframework\v4.0\mscorlib.dll: см. объявление "System::Int32"
     1>c:\users\наташа\documents\visual studio 2012\projects\лабораторная работа 2. игра жизнь с буфером (массив)\lifeapp\Form1.h(260): error C2039: SetEl: не является членом "System::Int32"
                 c:\program files (x86)\reference assemblies\microsoft\framework\.netframework\v4.0\mscorlib.dll: см. объявление "System::Int32"
     1>c:\users\наташа\documents\visual studio 2012\projects\лабораторная работа 2. игра жизнь с буфером (массив)\lifeapp\Form1.h(269): error C2664: TAlg::NextState: невозможно преобразовать параметр 1 из "int *" в "TField *"
                 Типы, на которые указывают указатели, не связаны; для преобразования требуется reinterpret_cast, приведение в стиле С или приведение в стиле функции
     1>c:\users\наташа\documents\visual studio 2012\projects\лабораторная работа 2. игра жизнь с буфером (массив)\lifeapp\Form1.h(288): error C2664: TAlg::NextState: невозможно преобразовать параметр 1 из "int *" в "TField *"
                 Типы, на которые указывают указатели, не связаны; для преобразования требуется reinterpret_cast, приведение в стиле С или приведение в стиле функции
     1>c:\users\наташа\documents\visual studio 2012\projects\лабораторная работа 2. игра жизнь с буфером (массив)\lifeapp\BufferForm.h(244): error C2061: синтаксическая ошибка: идентификатор "IField"
         Создание кода...
     1>Построение проекта "C:\Users\Наташа\Documents\Visual Studio 2012\Projects\Лабораторная работа 2. Игра Жизнь с буфером (массив)\LifeApp\LifeApp.vcxproj" завершено (целевые объекты Build) с ошибкой.

Сбой построения.

Затраченное время: 00:00:02.16
