C:\USERS\НАТАША\DOCUMENTS\VISUAL STUDIO 2012\PROJECTS\ЛАБОРАТОРНАЯ РАБОТА 2. ИГРА ЖИЗНЬ С БУФЕРОМ (МАССИВ)\DEBUG\LIBFIELD.BSC
C:\USERS\Наташа\DOCUMENTS\VISUAL STUDIO 2012\PROJECTS\Лабораторная работа 2. Игра Жизнь с буфером (массив)\LIBFIELD\DEBUG\ALG.SBR
C:\USERS\Наташа\DOCUMENTS\VISUAL STUDIO 2012\PROJECTS\Лабораторная работа 2. Игра Жизнь с буфером (массив)\LIBFIELD\DEBUG\BITFIELD.SBR
C:\USERS\Наташа\DOCUMENTS\VISUAL STUDIO 2012\PROJECTS\Лабораторная работа 2. Игра Жизнь с буфером (массив)\LIBFIELD\DEBUG\BUILDERS.SBR
C:\USERS\Наташа\DOCUMENTS\VISUAL STUDIO 2012\PROJECTS\Лабораторная работа 2. Игра Жизнь с буфером (массив)\LIBFIELD\DEBUG\FIELD.SBR
C:\USERS\Наташа\DOCUMENTS\VISUAL STUDIO 2012\PROJECTS\Лабораторная работа 2. Игра Жизнь с буфером (массив)\LIBFIELD\DEBUG\FILL.SBR
C:\USERS\Наташа\DOCUMENTS\VISUAL STUDIO 2012\PROJECTS\Лабораторная работа 2. Игра Жизнь с буфером (массив)\LIBFIELD\DEBUG\FILL.OBJ
C:\USERS\Наташа\DOCUMENTS\VISUAL STUDIO 2012\PROJECTS\Лабораторная работа 2. Игра Жизнь с буфером (массив)\LIBFIELD\DEBUG\FIELD.OBJ
C:\USERS\Наташа\DOCUMENTS\VISUAL STUDIO 2012\PROJECTS\Лабораторная работа 2. Игра Жизнь с буфером (массив)\LIBFIELD\DEBUG\BUILDERS.OBJ
C:\USERS\Наташа\DOCUMENTS\VISUAL STUDIO 2012\PROJECTS\Лабораторная работа 2. Игра Жизнь с буфером (массив)\LIBFIELD\DEBUG\BITFIELD.OBJ
C:\USERS\Наташа\DOCUMENTS\VISUAL STUDIO 2012\PROJECTS\Лабораторная работа 2. Игра Жизнь с буфером (массив)\LIBFIELD\DEBUG\ALG.OBJ
C:\USERS\НАТАША\DOCUMENTS\VISUAL STUDIO 2012\PROJECTS\ЛАБОРАТОРНАЯ РАБОТА 2. ИГРА ЖИЗНЬ С БУФЕРОМ (МАССИВ)\LIBFIELD\DEBUG\VC110.PDB
C:\USERS\Наташа\DOCUMENTS\VISUAL STUDIO 2012\PROJECTS\Лабораторная работа 2. Игра Жизнь с буфером (массив)\LIBFIELD\DEBUG\.NETFRAMEWORK,VERSION=V4.0.ASSEMBLYATTRIBUTES.SBR
C:\USERS\Наташа\DOCUMENTS\VISUAL STUDIO 2012\PROJECTS\Лабораторная работа 2. Игра Жизнь с буфером (массив)\LIBFIELD\DEBUG\.NETFRAMEWORK,VERSION=V4.0.ASSEMBLYATTRIBUTES.OBJ
C:\USERS\Наташа\DOCUMENTS\VISUAL STUDIO 2012\PROJECTS\Лабораторная работа 2. Игра Жизнь с буфером (массив)\DEBUG\LIBFIELD.LIB
C:\Users\Наташа\Documents\Visual Studio 2012\Projects\Лабораторная работа 2. Игра Жизнь с буфером (массив)\LibField\Debug\.NETFramework,Version=v4.0.AssemblyAttributes.obj
C:\Users\Наташа\Documents\Visual Studio 2012\Projects\Лабораторная работа 2. Игра Жизнь с буфером (массив)\LibField\Debug\Alg.obj
C:\Users\Наташа\Documents\Visual Studio 2012\Projects\Лабораторная работа 2. Игра Жизнь с буфером (массив)\LibField\Debug\BitField.obj
C:\Users\Наташа\Documents\Visual Studio 2012\Projects\Лабораторная работа 2. Игра Жизнь с буфером (массив)\LibField\Debug\Builders.obj
C:\Users\Наташа\Documents\Visual Studio 2012\Projects\Лабораторная работа 2. Игра Жизнь с буфером (массив)\LibField\Debug\Field.obj
C:\Users\Наташа\Documents\Visual Studio 2012\Projects\Лабораторная работа 2. Игра Жизнь с буфером (массив)\LibField\Debug\Fill.obj
C:\Users\Наташа\Documents\Visual Studio 2012\Projects\Лабораторная работа 2. Игра Жизнь с буфером (массив)\LibField\Debug\BscMake.command.1.tlog
C:\Users\Наташа\Documents\Visual Studio 2012\Projects\Лабораторная работа 2. Игра Жизнь с буфером (массив)\LibField\Debug\bscmake.read.1.tlog
C:\Users\Наташа\Documents\Visual Studio 2012\Projects\Лабораторная работа 2. Игра Жизнь с буфером (массив)\LibField\Debug\BscMake.write.1.tlog
C:\Users\Наташа\Documents\Visual Studio 2012\Projects\Лабораторная работа 2. Игра Жизнь с буфером (массив)\LibField\Debug\cl.command.1.tlog
C:\Users\Наташа\Documents\Visual Studio 2012\Projects\Лабораторная работа 2. Игра Жизнь с буфером (массив)\LibField\Debug\CL.read.1.tlog
C:\Users\Наташа\Documents\Visual Studio 2012\Projects\Лабораторная работа 2. Игра Жизнь с буфером (массив)\LibField\Debug\CL.write.1.tlog
C:\Users\Наташа\Documents\Visual Studio 2012\Projects\Лабораторная работа 2. Игра Жизнь с буфером (массив)\LibField\Debug\Lib-link.read.1.tlog
C:\Users\Наташа\Documents\Visual Studio 2012\Projects\Лабораторная работа 2. Игра Жизнь с буфером (массив)\LibField\Debug\Lib-link.write.1.tlog
C:\Users\Наташа\Documents\Visual Studio 2012\Projects\Лабораторная работа 2. Игра Жизнь с буфером (массив)\LibField\Debug\lib.command.1.tlog
C:\Users\Наташа\Documents\Visual Studio 2012\Projects\Лабораторная работа 2. Игра Жизнь с буфером (массив)\LibField\Debug\metagen.read.1.tlog
C:\Users\Наташа\Documents\Visual Studio 2012\Projects\Лабораторная работа 2. Игра Жизнь с буфером (массив)\LibField\Debug\metagen.write.1.tlog
C:\Users\Наташа\Documents\Visual Studio 2012\Projects\Лабораторная работа 2. Игра Жизнь с буфером (массив)\LibField\Debug\vc110.pdb
C:\Users\Наташа\Documents\Visual Studio 2012\Projects\Лабораторная работа 2. Игра Жизнь с буфером (массив)\LibField\Debug\.NETFramework,Version=v4.0.AssemblyAttributes.sbr
C:\Users\Наташа\Documents\Visual Studio 2012\Projects\Лабораторная работа 2. Игра Жизнь с буфером (массив)\LibField\Debug\Alg.sbr
C:\Users\Наташа\Documents\Visual Studio 2012\Projects\Лабораторная работа 2. Игра Жизнь с буфером (массив)\LibField\Debug\BitField.sbr
C:\Users\Наташа\Documents\Visual Studio 2012\Projects\Лабораторная работа 2. Игра Жизнь с буфером (массив)\LibField\Debug\Builders.sbr
C:\Users\Наташа\Documents\Visual Studio 2012\Projects\Лабораторная работа 2. Игра Жизнь с буфером (массив)\LibField\Debug\Field.sbr
C:\Users\Наташа\Documents\Visual Studio 2012\Projects\Лабораторная работа 2. Игра Жизнь с буфером (массив)\LibField\Debug\Fill.sbr
C:\Users\Наташа\Documents\Visual Studio 2012\Projects\Лабораторная работа 2. Игра Жизнь с буфером (массив)\LibField\Debug\TZRES.DLL.bi
C:\Users\Наташа\Documents\Visual Studio 2012\Projects\Лабораторная работа 2. Игра Жизнь с буфером (массив)\Debug\LibField.lib
C:\Users\Наташа\Documents\Visual Studio 2012\Projects\Лабораторная работа 2. Игра Жизнь с буфером (массив)\Debug\LibField.bsc
